Determining if the pthread_create exist failed with the following output:
Change Dir: /home/alvaro/TFG/2016-tfg-Alvaro-Villamil/BrazoRobotico/catkin_ws/build/CMakeFiles/CMakeTmp

Run Build Command:"/usr/bin/make" "cmTC_e6833/fast"
/usr/bin/make -f CMakeFiles/cmTC_e6833.dir/build.make CMakeFiles/cmTC_e6833.dir/build
make[1]: se entra en el directorio '/home/alvaro/TFG/2016-tfg-Alvaro-Villamil/BrazoRobotico/catkin_ws/build/CMakeFiles/CMakeTmp'
Building C object CMakeFiles/cmTC_e6833.dir/CheckSymbolExists.c.o
/usr/bin/cc     -o CMakeFiles/cmTC_e6833.dir/CheckSymbolExists.c.o   -c /home/alvaro/TFG/2016-tfg-Alvaro-Villamil/BrazoRobotico/catkin_ws/build/CMakeFiles/CMakeTmp/CheckSymbolExists.c
Linking C executable cmTC_e6833
/usr/bin/cmake -E cmake_link_script CMakeFiles/cmTC_e6833.dir/link.txt --verbose=1
/usr/bin/cc       CMakeFiles/cmTC_e6833.dir/CheckSymbolExists.c.o  -o cmTC_e6833 -rdynamic 
CMakeFiles/cmTC_e6833.dir/CheckSymbolExists.c.o: En la función `main':
CheckSymbolExists.c:(.text+0x16): referencia a `pthread_create' sin definir
collect2: error: ld returned 1 exit status
CMakeFiles/cmTC_e6833.dir/build.make:97: fallo en las instrucciones para el objetivo 'cmTC_e6833'
make[1]: *** [cmTC_e6833] Error 1
make[1]: se sale del directorio '/home/alvaro/TFG/2016-tfg-Alvaro-Villamil/BrazoRobotico/catkin_ws/build/CMakeFiles/CMakeTmp'
Makefile:126: fallo en las instrucciones para el objetivo 'cmTC_e6833/fast'
make: *** [cmTC_e6833/fast] Error 2

File /home/alvaro/TFG/2016-tfg-Alvaro-Villamil/BrazoRobotico/catkin_ws/build/CMakeFiles/CMakeTmp/CheckSymbolExists.c:
/* */
#include <pthread.h>

int main(int argc, char** argv)
{
  (void)argv;
#ifndef pthread_create
  return ((int*)(&pthread_create))[argc];
#else
  (void)argc;
  return 0;
#endif
}

Determining if the function pthread_create exists in the pthreads failed with the following output:
Change Dir: /home/alvaro/TFG/2016-tfg-Alvaro-Villamil/BrazoRobotico/catkin_ws/build/CMakeFiles/CMakeTmp

Run Build Command:"/usr/bin/make" "cmTC_3cfbf/fast"
/usr/bin/make -f CMakeFiles/cmTC_3cfbf.dir/build.make CMakeFiles/cmTC_3cfbf.dir/build
make[1]: se entra en el directorio '/home/alvaro/TFG/2016-tfg-Alvaro-Villamil/BrazoRobotico/catkin_ws/build/CMakeFiles/CMakeTmp'
Building C object CMakeFiles/cmTC_3cfbf.dir/CheckFunctionExists.c.o
/usr/bin/cc    -DCHECK_FUNCTION_EXISTS=pthread_create   -o CMakeFiles/cmTC_3cfbf.dir/CheckFunctionExists.c.o   -c /usr/share/cmake-3.5/Modules/CheckFunctionExists.c
Linking C executable cmTC_3cfbf
/usr/bin/cmake -E cmake_link_script CMakeFiles/cmTC_3cfbf.dir/link.txt --verbose=1
/usr/bin/cc   -DCHECK_FUNCTION_EXISTS=pthread_create    CMakeFiles/cmTC_3cfbf.dir/CheckFunctionExists.c.o  -o cmTC_3cfbf -rdynamic -lpthreads 
/usr/bin/ld: no se puede encontrar -lpthreads
collect2: error: ld returned 1 exit status
CMakeFiles/cmTC_3cfbf.dir/build.make:97: fallo en las instrucciones para el objetivo 'cmTC_3cfbf'
make[1]: *** [cmTC_3cfbf] Error 1
make[1]: se sale del directorio '/home/alvaro/TFG/2016-tfg-Alvaro-Villamil/BrazoRobotico/catkin_ws/build/CMakeFiles/CMakeTmp'
Makefile:126: fallo en las instrucciones para el objetivo 'cmTC_3cfbf/fast'
make: *** [cmTC_3cfbf/fast] Error 2


